<?xml version="1.0" encoding="UTF-8"?>
<!-- Generated by org.testng.reporters.JUnitXMLReporter -->
<testsuite ignored="0" hostname="Vikass-Laptop.local" failures="0" tests="3" name="Default test" time="0.017" errors="0" timestamp="2024-08-31T13:53:11 IST">
  <testcase classname="groupid1.artifact1.TestClass1" name="test1" time="0.001"/>
  <testcase classname="groupid1.artifact1.TestClass1" name="test2" time="0.0"/>
  <testcase classname="groupid1.artifact1.TestClass1" name="test3" time="0.0"/>
</testsuite> <!-- Default test -->
