<?xml version="1.0" encoding="UTF-8"?>
<!-- Generated by org.testng.reporters.JUnitXMLReporter -->
<testsuite ignored="0" hostname="Vikass-Laptop.local" failures="0" tests="3" name="Test" time="0.098" errors="0" timestamp="2024-08-31T14:44:30 IST">
  <testcase classname="groupid1.artifact1.TestClass1" name="test1" time="0.004"/>
  <testcase classname="groupid1.artifact1.TestClass1" name="test2" time="0.001"/>
  <testcase classname="groupid1.artifact1.TestClass1" name="test3" time="0.001"/>
</testsuite> <!-- Test -->
