<?xml version="1.0" encoding="UTF-8"?>
<testsuite xmlns:xsi="http://www.w3.org/2001/XMLSchema-instance" xsi:noNamespaceSchemaLocation="https://maven.apache.org/surefire/maven-surefire-plugin/xsd/surefire-test-report.xsd" version="3.0.2" name="TestSuite" time="0.418" tests="3" errors="0" skipped="0" failures="0">
  <properties>
[...]
</properties>
  <testcase name="test1" classname="groupid1.artifact1.TestClass1" time="0.003">
    <system-out><![CDATA[Running Before Suite....
--------------------Listener -> onStart
Running Before Test....
Running Before Class....
Running Before Method....
--------------------Listener -> onTestStart
Running Test 1
--------------------Listener -> onTestSuccess
]]></system-out>
    <system-err><![CDATA[SLF4J: Failed to load class "org.slf4j.impl.StaticLoggerBinder".
SLF4J: Defaulting to no-operation (NOP) logger implementation
SLF4J: See http://www.slf4j.org/codes.html#StaticLoggerBinder for further details.
]]></system-err>
  </testcase>
  <testcase name="test2" classname="groupid1.artifact1.TestClass1" time="0.0">
    <system-out><![CDATA[Running After Method....
Running Before Method....
--------------------Listener -> onTestStart
Running Test 2
--------------------Listener -> onTestSuccess
]]></system-out>
  </testcase>
  <testcase name="test3" classname="groupid1.artifact1.TestClass1" time="0.0">
    <system-out><![CDATA[Running After Method....
Running Before Method....
--------------------Listener -> onTestStart
Running Test 3
--------------------Listener -> onTestSuccess
]]></system-out>
  </testcase>
</testsuite>