<?xml version="1.0" encoding="UTF-8"?>
<testng-results ignored="0" total="3" passed="3" failed="0" skipped="0">
  <reporter-output>
  </reporter-output>
  <suite started-at="2024-08-31T14:44:30 IST" name="Suite" finished-at="2024-08-31T14:44:30 IST" duration-ms="98">
    <groups>
    </groups>
    <test started-at="2024-08-31T14:44:30 IST" name="Test" finished-at="2024-08-31T14:44:30 IST" duration-ms="98">
      <class name="groupid1.artifact1.TestClass1">
        <test-method is-config="true" signature="beforeSuite()[pri:0, instance:groupid1.artifact1.TestClass1@25be7b63]" started-at="2024-08-31T14:44:30 IST" name="beforeSuite" finished-at="2024-08-31T14:44:30 IST" duration-ms="7" status="PASS">
          <reporter-output>
          </reporter-output>
        </test-method> <!-- beforeSuite -->
        <test-method is-config="true" signature="beforeTest()[pri:0, instance:groupid1.artifact1.TestClass1@25be7b63]" started-at="2024-08-31T14:44:30 IST" name="beforeTest" finished-at="2024-08-31T14:44:30 IST" duration-ms="0" status="PASS">
          <reporter-output>
          </reporter-output>
        </test-method> <!-- beforeTest -->
        <test-method is-config="true" signature="beforeClass()[pri:0, instance:groupid1.artifact1.TestClass1@25be7b63]" started-at="2024-08-31T14:44:30 IST" name="beforeClass" finished-at="2024-08-31T14:44:30 IST" duration-ms="0" status="PASS">
          <reporter-output>
          </reporter-output>
        </test-method> <!-- beforeClass -->
        <test-method signature="test1()[pri:0, instance:groupid1.artifact1.TestClass1@25be7b63]" started-at="2024-08-31T14:44:30 IST" name="test1" finished-at="2024-08-31T14:44:30 IST" duration-ms="4" status="PASS">
          <reporter-output>
          </reporter-output>
        </test-method> <!-- test1 -->
        <test-method is-config="true" signature="beforeMethod()[pri:0, instance:groupid1.artifact1.TestClass1@25be7b63]" started-at="2024-08-31T14:44:30 IST" name="beforeMethod" finished-at="2024-08-31T14:44:30 IST" duration-ms="0" status="PASS">
          <reporter-output>
          </reporter-output>
        </test-method> <!-- beforeMethod -->
        <test-method is-config="true" signature="afterMethod()[pri:0, instance:groupid1.artifact1.TestClass1@25be7b63]" started-at="2024-08-31T14:44:30 IST" name="afterMethod" finished-at="2024-08-31T14:44:30 IST" duration-ms="1" status="PASS">
          <reporter-output>
          </reporter-output>
        </test-method> <!-- afterMethod -->
        <test-method signature="test2()[pri:0, instance:groupid1.artifact1.TestClass1@25be7b63]" started-at="2024-08-31T14:44:30 IST" name="test2" finished-at="2024-08-31T14:44:30 IST" duration-ms="1" status="PASS">
          <reporter-output>
          </reporter-output>
        </test-method> <!-- test2 -->
        <test-method is-config="true" signature="beforeMethod()[pri:0, instance:groupid1.artifact1.TestClass1@25be7b63]" started-at="2024-08-31T14:44:30 IST" name="beforeMethod" finished-at="2024-08-31T14:44:30 IST" duration-ms="0" status="PASS">
          <reporter-output>
          </reporter-output>
        </test-method> <!-- beforeMethod -->
        <test-method signature="test3()[pri:0, instance:groupid1.artifact1.TestClass1@25be7b63]" started-at="2024-08-31T14:44:30 IST" name="test3" finished-at="2024-08-31T14:44:30 IST" duration-ms="1" status="PASS">
          <reporter-output>
          </reporter-output>
        </test-method> <!-- test3 -->
        <test-method is-config="true" signature="afterMethod()[pri:0, instance:groupid1.artifact1.TestClass1@25be7b63]" started-at="2024-08-31T14:44:30 IST" name="afterMethod" finished-at="2024-08-31T14:44:30 IST" duration-ms="0" status="PASS">
          <reporter-output>
          </reporter-output>
        </test-method> <!-- afterMethod -->
        <test-method is-config="true" signature="beforeMethod()[pri:0, instance:groupid1.artifact1.TestClass1@25be7b63]" started-at="2024-08-31T14:44:30 IST" name="beforeMethod" finished-at="2024-08-31T14:44:30 IST" duration-ms="0" status="PASS">
          <reporter-output>
          </reporter-output>
        </test-method> <!-- beforeMethod -->
        <test-method is-config="true" signature="afterMethod()[pri:0, instance:groupid1.artifact1.TestClass1@25be7b63]" started-at="2024-08-31T14:44:30 IST" name="afterMethod" finished-at="2024-08-31T14:44:30 IST" duration-ms="0" status="PASS">
          <reporter-output>
          </reporter-output>
        </test-method> <!-- afterMethod -->
        <test-method is-config="true" signature="afterClass()[pri:0, instance:groupid1.artifact1.TestClass1@25be7b63]" started-at="2024-08-31T14:44:30 IST" name="afterClass" finished-at="2024-08-31T14:44:30 IST" duration-ms="0" status="PASS">
          <reporter-output>
          </reporter-output>
        </test-method> <!-- afterClass -->
        <test-method is-config="true" signature="afterTest()[pri:0, instance:groupid1.artifact1.TestClass1@25be7b63]" started-at="2024-08-31T14:44:30 IST" name="afterTest" finished-at="2024-08-31T14:44:30 IST" duration-ms="0" status="PASS">
          <reporter-output>
          </reporter-output>
        </test-method> <!-- afterTest -->
        <test-method is-config="true" signature="afterSuite()[pri:0, instance:groupid1.artifact1.TestClass1@25be7b63]" started-at="2024-08-31T14:44:30 IST" name="afterSuite" finished-at="2024-08-31T14:44:30 IST" duration-ms="0" status="PASS">
          <reporter-output>
          </reporter-output>
        </test-method> <!-- afterSuite -->
      </class> <!-- groupid1.artifact1.TestClass1 -->
    </test> <!-- Test -->
  </suite> <!-- Suite -->
</testng-results>
